h3o7
===================== Beginning compilation process. =====================
Compiling file run6.cpp.
Compilation was successful!

Compiling file run4.cpp.
Compilation was successful!

Compiling file run2.cpp.
Compilation was successful!

Compiling file run.cpp.
Compilation was successful!

===================== Beginning input generation process. =====================
=============== PROCESSING FILE 1 ===================
Successfully ran, parsed, and dumped output from input generator "run4".
=============== PROCESSING FILE 2 ===================
Failed to parse a line of input; key was not positive.
There was a problem parsing the input generated by your input generator.
Only one problem is reported per input generator run to avoid excessive output.
Further problem printing will be suppressed.
Failure during parse/dump of output from input generator "run2".
=============== PROCESSING FILE 3 ===================
Failed to parse a line of input; key was not positive.
There was a problem parsing the input generated by your input generator.
Only one problem is reported per input generator run to avoid excessive output.
Further problem printing will be suppressed.
Failure during parse/dump of output from input generator "run".
=============== PROCESSING FILE 4 ===================
Failed to parse a line of input; key was not positive.
There was a problem parsing the input generated by your input generator.
Only one problem is reported per input generator run to avoid excessive output.
Further problem printing will be suppressed.
Failure during parse/dump of output from input generator "run6".
===================== Beginning dictionary run process. =====================
tick_limit 1000
tick_limit 1000
tick_limit 1000
tick_limit 1000
=============== PROCESSING FILE 1 ===================
Successfully ran dict runner on "run".
=============== PROCESSING FILE 2 ===================
Dict runner ran for more than the allowed time of 1000 seconds on input "run4".  Killing.
Error running dict_runner on input "run4".
stdout output was:
None


Skipping to next file after dumping stderr output.

=============== PROCESSING FILE 3 ===================
Dict runner ran for more than the allowed time of 1000 seconds on input "run6".  Killing.
Error running dict_runner on input "run6".
stdout output was:
None


Skipping to next file after dumping stderr output.

=============== PROCESSING FILE 4 ===================
Dict runner ran for more than the allowed time of 1000 seconds on input "run2".  Killing.
Error running dict_runner on input "run2".
stdout output was:
None


Skipping to next file after dumping stderr output.

===================== Removing dump files to save space =====================
===================== Beginning analysis process. =====================
===================== Analysis complete. =====================
v4e7
===================== Beginning compilation process. =====================
Compiling file ig1.cpp.
Compilation was successful!

Compiling file ig7.cpp.
Compilation was successful!

Compiling file ig2.cpp.
Compilation was successful!

Compiling file ig0.cpp.
Compilation was successful!

Compiling file ig4.cpp.
Compilation was successful!

Compiling file ig5.cpp.
Compilation was successful!

Compiling file ig6.cpp.
Compilation was successful!

Compiling file ig3.cpp.
Compilation was successful!

===================== Beginning input generation process. =====================
=============== PROCESSING FILE 1 ===================
Successfully ran, parsed, and dumped output from input generator "ig1".
=============== PROCESSING FILE 2 ===================
Successfully ran, parsed, and dumped output from input generator "ig6".
=============== PROCESSING FILE 3 ===================
Successfully ran, parsed, and dumped output from input generator "ig4".
=============== PROCESSING FILE 4 ===================
Successfully ran, parsed, and dumped output from input generator "ig5".
=============== PROCESSING FILE 5 ===================
Successfully ran, parsed, and dumped output from input generator "ig0".
=============== PROCESSING FILE 6 ===================
Successfully ran, parsed, and dumped output from input generator "ig3".
=============== PROCESSING FILE 7 ===================
Successfully ran, parsed, and dumped output from input generator "ig2".
=============== PROCESSING FILE 8 ===================
Successfully ran, parsed, and dumped output from input generator "ig7".
===================== Beginning dictionary run process. =====================
tick_limit 1000
tick_limit 1000
tick_limit 1000
tick_limit 1000
tick_limit 1000
tick_limit 1000
tick_limit 1000
tick_limit 1000
=============== PROCESSING FILE 1 ===================
Successfully ran dict runner on "ig5".
=============== PROCESSING FILE 2 ===================
Successfully ran dict runner on "ig3".
=============== PROCESSING FILE 3 ===================
Successfully ran dict runner on "ig7".
=============== PROCESSING FILE 4 ===================
Successfully ran dict runner on "ig4".
=============== PROCESSING FILE 5 ===================
Successfully ran dict runner on "ig1".
=============== PROCESSING FILE 6 ===================
Successfully ran dict runner on "ig0".
=============== PROCESSING FILE 7 ===================
Successfully ran dict runner on "ig2".
=============== PROCESSING FILE 8 ===================
Successfully ran dict runner on "ig6".
===================== Removing dump files to save space =====================
===================== Beginning analysis process. =====================
===================== Analysis complete. =====================
b4u7
===================== Beginning compilation process. =====================
Compiling file revtesti.cpp.
Compilation was successful!

Compiling file randtesti2.cpp.
Compilation was successful!

Compiling file testif.cpp.
Compilation was successful!

Compiling file testir.cpp.
Compilation was successful!

Compiling file Drandsplay.cpp.
Compilation was successful!

Compiling file testi.cpp.
Compilation was successful!

===================== Beginning input generation process. =====================
=============== PROCESSING FILE 1 ===================
Failed to parse a line of input; key was not positive.
There was a problem parsing the input generated by your input generator.
Only one problem is reported per input generator run to avoid excessive output.
Further problem printing will be suppressed.
Failure during parse/dump of output from input generator "testi".
=============== PROCESSING FILE 2 ===================
Successfully ran, parsed, and dumped output from input generator "randtesti2".
=============== PROCESSING FILE 3 ===================
Failed to parse a line of input; key was not positive.
There was a problem parsing the input generated by your input generator.
Only one problem is reported per input generator run to avoid excessive output.
Further problem printing will be suppressed.
Failure during parse/dump of output from input generator "testir".
=============== PROCESSING FILE 4 ===================
Failed to parse a line of input; key was not positive.
There was a problem parsing the input generated by your input generator.
Only one problem is reported per input generator run to avoid excessive output.
Further problem printing will be suppressed.
Failure during parse/dump of output from input generator "testif".
=============== PROCESSING FILE 5 ===================
Successfully ran, parsed, and dumped output from input generator "Drandsplay".
=============== PROCESSING FILE 6 ===================
Successfully ran, parsed, and dumped output from input generator "revtesti".
===================== Beginning dictionary run process. =====================
tick_limit 1000
tick_limit 1000
tick_limit 1000
tick_limit 1000
tick_limit 1000
tick_limit 1000
=============== PROCESSING FILE 1 ===================
Successfully ran dict runner on "testif".
=============== PROCESSING FILE 2 ===================
Successfully ran dict runner on "testi".
=============== PROCESSING FILE 3 ===================
Dict runner ran for more than the allowed time of 1000 seconds on input "Drandsplay".  Killing.
Error running dict_runner on input "Drandsplay".
stdout output was:
None


Skipping to next file after dumping stderr output.

=============== PROCESSING FILE 4 ===================
Successfully ran dict runner on "revtesti".
=============== PROCESSING FILE 5 ===================
Dict runner ran for more than the allowed time of 1000 seconds on input "testir".  Killing.
Error running dict_runner on input "testir".
stdout output was:
None


Skipping to next file after dumping stderr output.

=============== PROCESSING FILE 6 ===================
Successfully ran dict runner on "randtesti2".
===================== Removing dump files to save space =====================
===================== Beginning analysis process. =====================
===================== Analysis complete. =====================
v2g7
===================== Beginning compilation process. =====================
Compiling file AVLDelete.cpp.
Compilation was successful!

Compiling file IFTester.cpp.
Compilation was successful!

Compiling file insert.cpp.
Compilation was successful!

===================== Beginning input generation process. =====================
=============== PROCESSING FILE 1 ===================
Failed to parse a line of input; key was not positive.
There was a problem parsing the input generated by your input generator.
Only one problem is reported per input generator run to avoid excessive output.
Further problem printing will be suppressed.
Failure during parse/dump of output from input generator "IFTester".
=============== PROCESSING FILE 2 ===================
Failed to parse a line of input; key was not positive.
There was a problem parsing the input generated by your input generator.
Only one problem is reported per input generator run to avoid excessive output.
Further problem printing will be suppressed.
Failure during parse/dump of output from input generator "AVLDelete".
=============== PROCESSING FILE 3 ===================
Successfully ran, parsed, and dumped output from input generator "insert".
===================== Beginning dictionary run process. =====================
tick_limit 1000
tick_limit 1000
tick_limit 1000
=============== PROCESSING FILE 1 ===================
Successfully ran dict runner on "AVLDelete".
=============== PROCESSING FILE 2 ===================
Successfully ran dict runner on "IFTester".
=============== PROCESSING FILE 3 ===================
Successfully ran dict runner on "insert".
===================== Removing dump files to save space =====================
===================== Beginning analysis process. =====================
===================== Analysis complete. =====================
d5m7
===================== Beginning compilation process. =====================
Compiling file testTombstones.cpp.
Compilation was successful!

Compiling file testMedian.cpp.
Compilation was successful!

Compiling file testSteve.cpp.
Compilation was successful!

Compiling file testsplay.cpp.
Compilation was successful!

Compiling file Randomtest.cpp.
Compilation was successful!

===================== Beginning input generation process. =====================
=============== PROCESSING FILE 1 ===================
Successfully ran, parsed, and dumped output from input generator "Randomtest".
=============== PROCESSING FILE 2 ===================
Successfully ran, parsed, and dumped output from input generator "testSteve".
=============== PROCESSING FILE 3 ===================
Successfully ran, parsed, and dumped output from input generator "testTombstones".
=============== PROCESSING FILE 4 ===================
Successfully ran, parsed, and dumped output from input generator "testMedian".
=============== PROCESSING FILE 5 ===================
Successfully ran, parsed, and dumped output from input generator "testsplay".
===================== Beginning dictionary run process. =====================
tick_limit 1000
tick_limit 1000
tick_limit 1000
tick_limit 1000
tick_limit 1000
=============== PROCESSING FILE 1 ===================
Dict runner ran for more than the allowed time of 1000 seconds on input "testsplay".  Killing.
Error running dict_runner on input "testsplay".
stdout output was:
None


Skipping to next file after dumping stderr output.

=============== PROCESSING FILE 2 ===================
Successfully ran dict runner on "testMedian".
=============== PROCESSING FILE 3 ===================
Successfully ran dict runner on "testTombstones".
=============== PROCESSING FILE 4 ===================
Successfully ran dict runner on "Randomtest".
=============== PROCESSING FILE 5 ===================
Successfully ran dict runner on "testSteve".
===================== Removing dump files to save space =====================
===================== Beginning analysis process. =====================
===================== Analysis complete. =====================
h3o7
===================== Beginning compilation process. =====================
Compiling file run6.cpp.
Compilation was successful!

Compiling file run4.cpp.
Compilation was successful!

Compiling file run2.cpp.
Compilation was successful!

Compiling file run.cpp.
Compilation was successful!

===================== Beginning input generation process. =====================
=============== PROCESSING FILE 1 ===================
Successfully ran, parsed, and dumped output from input generator "run4".
=============== PROCESSING FILE 2 ===================
Failed to parse a line of input; key was not positive.
There was a problem parsing the input generated by your input generator.
Only one problem is reported per input generator run to avoid excessive output.
Further problem printing will be suppressed.
Failure during parse/dump of output from input generator "run2".
=============== PROCESSING FILE 3 ===================
Failed to parse a line of input; key was not positive.
There was a problem parsing the input generated by your input generator.
Only one problem is reported per input generator run to avoid excessive output.
Further problem printing will be suppressed.
Failure during parse/dump of output from input generator "run".
=============== PROCESSING FILE 4 ===================
Failed to parse a line of input; key was not positive.
There was a problem parsing the input generated by your input generator.
Only one problem is reported per input generator run to avoid excessive output.
Further problem printing will be suppressed.
Failure during parse/dump of output from input generator "run6".
===================== Beginning dictionary run process. =====================
tick_limit 1000
tick_limit 1000
tick_limit 1000
tick_limit 1000
=============== PROCESSING FILE 1 ===================
Successfully ran dict runner on "run".
=============== PROCESSING FILE 2 ===================
Dict runner ran for more than the allowed time of 1000 seconds on input "run4".  Killing.
Error running dict_runner on input "run4".
stdout output was:
None


Skipping to next file after dumping stderr output.

=============== PROCESSING FILE 3 ===================
Dict runner ran for more than the allowed time of 1000 seconds on input "run6".  Killing.
Error running dict_runner on input "run6".
stdout output was:
None


Skipping to next file after dumping stderr output.

=============== PROCESSING FILE 4 ===================
Dict runner ran for more than the allowed time of 1000 seconds on input "run2".  Killing.
Error running dict_runner on input "run2".
stdout output was:
None


Skipping to next file after dumping stderr output.

===================== Removing dump files to save space =====================
===================== Beginning analysis process. =====================
===================== Analysis complete. =====================
j6j7
===================== Beginning compilation process. =====================
Compiling file SLtester.cpp.
Compilation was successful!

Compiling file hash.cpp.
Compilation was successful!

Compiling file trees.cpp.
Compilation was successful!

Compiling file BSTtester.cpp.
Compilation was successful!

===================== Beginning input generation process. =====================
=============== PROCESSING FILE 1 ===================
Successfully ran, parsed, and dumped output from input generator "SLtester".
=============== PROCESSING FILE 2 ===================
Successfully ran, parsed, and dumped output from input generator "hash".
=============== PROCESSING FILE 3 ===================
Successfully ran, parsed, and dumped output from input generator "trees".
=============== PROCESSING FILE 4 ===================
Successfully ran, parsed, and dumped output from input generator "BSTtester".
===================== Beginning dictionary run process. =====================
tick_limit 1000
tick_limit 1000
tick_limit 1000
tick_limit 1000
=============== PROCESSING FILE 1 ===================
Successfully ran dict runner on "BSTtester".
=============== PROCESSING FILE 2 ===================
Successfully ran dict runner on "hash".
=============== PROCESSING FILE 3 ===================
Successfully ran dict runner on "trees".
=============== PROCESSING FILE 4 ===================
Successfully ran dict runner on "SLtester".
===================== Removing dump files to save space =====================
===================== Beginning analysis process. =====================
===================== Analysis complete. =====================
k9d7
===================== Beginning compilation process. =====================
Compiling file DictWars7.cpp.
Compilation was successful!

Compiling file DictWars2.cpp.
Compilation was successful!

Compiling file DictWars5.cpp.
Compilation was successful!

Compiling file DictWars4.cpp.
Compilation was successful!

Compiling file DictWars8.cpp.
Compilation was successful!

Compiling file DictWars6.cpp.
Compilation was successful!

Compiling file DictWars1.cpp.
Compilation was successful!

Compiling file DictWars3.cpp.
Compilation was successful!

Compiling file DictWars0.cpp.
Compilation was successful!

===================== Beginning input generation process. =====================
=============== PROCESSING FILE 1 ===================
Successfully ran, parsed, and dumped output from input generator "DictWars0".
=============== PROCESSING FILE 2 ===================
Successfully ran, parsed, and dumped output from input generator "DictWars1".
=============== PROCESSING FILE 3 ===================
Successfully ran, parsed, and dumped output from input generator "DictWars5".
=============== PROCESSING FILE 4 ===================
Successfully ran, parsed, and dumped output from input generator "DictWars3".
=============== PROCESSING FILE 5 ===================
Successfully ran, parsed, and dumped output from input generator "DictWars8".
=============== PROCESSING FILE 6 ===================
Successfully ran, parsed, and dumped output from input generator "DictWars7".
=============== PROCESSING FILE 7 ===================
Successfully ran, parsed, and dumped output from input generator "DictWars2".
=============== PROCESSING FILE 8 ===================
Successfully ran, parsed, and dumped output from input generator "DictWars6".
=============== PROCESSING FILE 9 ===================
Successfully ran, parsed, and dumped output from input generator "DictWars4".
===================== Beginning dictionary run process. =====================
tick_limit 1000
tick_limit 1000
tick_limit 1000
tick_limit 1000
tick_limit 1000
tick_limit 1000
tick_limit 1000
tick_limit 1000
tick_limit 1000
=============== PROCESSING FILE 1 ===================
Successfully ran dict runner on "DictWars1".
=============== PROCESSING FILE 2 ===================
Dict runner ran for more than the allowed time of 1000 seconds on input "DictWars0".  Killing.
Error running dict_runner on input "DictWars0".
stdout output was:
None


Skipping to next file after dumping stderr output.

=============== PROCESSING FILE 3 ===================
Successfully ran dict runner on "DictWars4".
=============== PROCESSING FILE 4 ===================
Dict runner ran for more than the allowed time of 1000 seconds on input "DictWars8".  Killing.
Error running dict_runner on input "DictWars8".
stdout output was:
None


Skipping to next file after dumping stderr output.

=============== PROCESSING FILE 5 ===================
Dict runner ran for more than the allowed time of 1000 seconds on input "DictWars3".  Killing.
Error running dict_runner on input "DictWars3".
stdout output was:
None


Skipping to next file after dumping stderr output.

=============== PROCESSING FILE 6 ===================
Successfully ran dict runner on "DictWars7".
=============== PROCESSING FILE 7 ===================
Dict runner ran for more than the allowed time of 1000 seconds on input "DictWars2".  Killing.
Error running dict_runner on input "DictWars2".
stdout output was:
None


Skipping to next file after dumping stderr output.

=============== PROCESSING FILE 8 ===================
Successfully ran dict runner on "DictWars5".
=============== PROCESSING FILE 9 ===================
Dict runner ran for more than the allowed time of 1000 seconds on input "DictWars6".  Killing.
Error running dict_runner on input "DictWars6".
stdout output was:
None


Skipping to next file after dumping stderr output.

===================== Removing dump files to save space =====================
===================== Beginning analysis process. =====================
===================== Analysis complete. =====================
n8v7
===================== Beginning compilation process. =====================
Compiling file LGentry02.cpp.
Compilation was successful!

Compiling file LGentry05.cpp.
Compilation was successful!

Compiling file LGentry03.cpp.
Compilation was successful!

Compiling file LGentry01.cpp.
Compilation was successful!

Compiling file LGentry04.cpp.
Compilation was successful!

Compiling file LGentry07.cpp.
Compilation was successful!

Compiling file LGentry06.cpp.
Compilation was successful!

===================== Beginning input generation process. =====================
=============== PROCESSING FILE 1 ===================
Successfully ran, parsed, and dumped output from input generator "LGentry06".
=============== PROCESSING FILE 2 ===================
Successfully ran, parsed, and dumped output from input generator "LGentry07".
=============== PROCESSING FILE 3 ===================
Successfully ran, parsed, and dumped output from input generator "LGentry03".
=============== PROCESSING FILE 4 ===================
Successfully ran, parsed, and dumped output from input generator "LGentry05".
=============== PROCESSING FILE 5 ===================
Successfully ran, parsed, and dumped output from input generator "LGentry04".
=============== PROCESSING FILE 6 ===================
Successfully ran, parsed, and dumped output from input generator "LGentry02".
=============== PROCESSING FILE 7 ===================
Successfully ran, parsed, and dumped output from input generator "LGentry01".
===================== Beginning dictionary run process. =====================
tick_limit 1000
tick_limit 1000
tick_limit 1000
tick_limit 1000
tick_limit 1000
tick_limit 1000
tick_limit 1000
=============== PROCESSING FILE 1 ===================
Successfully ran dict runner on "LGentry01".
=============== PROCESSING FILE 2 ===================
Successfully ran dict runner on "LGentry06".
=============== PROCESSING FILE 3 ===================
Dict runner ran for more than the allowed time of 1000 seconds on input "LGentry02".  Killing.
Error running dict_runner on input "LGentry02".
stdout output was:
None


Skipping to next file after dumping stderr output.

=============== PROCESSING FILE 4 ===================
Successfully ran dict runner on "LGentry03".
=============== PROCESSING FILE 5 ===================
Dict runner ran for more than the allowed time of 1000 seconds on input "LGentry04".  Killing.
Error running dict_runner on input "LGentry04".
stdout output was:
None


Skipping to next file after dumping stderr output.

=============== PROCESSING FILE 6 ===================
Successfully ran dict runner on "LGentry05".
=============== PROCESSING FILE 7 ===================
Successfully ran dict runner on "LGentry07".
===================== Removing dump files to save space =====================
===================== Beginning analysis process. =====================
===================== Analysis complete. =====================
p8u6
===================== Beginning compilation process. =====================
Compiling file Asc_insert_remove_findlast.cpp.
Compilation was successful!

Compiling file pp3testrand.cpp.
Compilation was successful!

Compiling file Acen_insert_remove.cpp.
Compilation was successful!

Compiling file AscInsertFindLast.cpp.
Compilation was successful!

Compiling file pp3testmed.cpp.
Compilation was successful!

Compiling file Acen_insert.cpp.
Compilation was successful!

Compiling file pp3testmed_find.cpp.
Compilation was successful!

Compiling file Acen_insert_Des_remove.cpp.
Compilation was successful!

===================== Beginning input generation process. =====================
=============== PROCESSING FILE 1 ===================
Successfully ran, parsed, and dumped output from input generator "pp3testrand".
=============== PROCESSING FILE 2 ===================
Successfully ran, parsed, and dumped output from input generator "Acen_insert".
=============== PROCESSING FILE 3 ===================
Successfully ran, parsed, and dumped output from input generator "Asc_insert_remove_findlast".
=============== PROCESSING FILE 4 ===================
Successfully ran, parsed, and dumped output from input generator "pp3testmed_find".
=============== PROCESSING FILE 5 ===================
Failed to parse a line of input; key was not positive.
Failure during parse/dump of output from input generator "pp3testmed".
=============== PROCESSING FILE 6 ===================
Successfully ran, parsed, and dumped output from input generator "Acen_insert_Des_remove".
=============== PROCESSING FILE 7 ===================
Successfully ran, parsed, and dumped output from input generator "Acen_insert_remove".
=============== PROCESSING FILE 8 ===================
Successfully ran, parsed, and dumped output from input generator "AscInsertFindLast".
===================== Beginning dictionary run process. =====================
tick_limit 1000
tick_limit 1000
tick_limit 1000
tick_limit 1000
tick_limit 1000
tick_limit 1000
tick_limit 1000
tick_limit 1000
=============== PROCESSING FILE 1 ===================
Successfully ran dict runner on "pp3testmed".
=============== PROCESSING FILE 2 ===================
Dict runner ran for more than the allowed time of 1000 seconds on input "Acen_insert_Des_remove".  Killing.
Error running dict_runner on input "Acen_insert_Des_remove".
stdout output was:
None


Skipping to next file after dumping stderr output.

=============== PROCESSING FILE 3 ===================
Dict runner ran for more than the allowed time of 1000 seconds on input "Asc_insert_remove_findlast".  Killing.
Error running dict_runner on input "Asc_insert_remove_findlast".
stdout output was:
None


Skipping to next file after dumping stderr output.

=============== PROCESSING FILE 4 ===================
Dict runner ran for more than the allowed time of 1000 seconds on input "Acen_insert_remove".  Killing.
Error running dict_runner on input "Acen_insert_remove".
stdout output was:
None


Skipping to next file after dumping stderr output.

=============== PROCESSING FILE 5 ===================
Successfully ran dict runner on "Acen_insert".
=============== PROCESSING FILE 6 ===================
Dict runner ran for more than the allowed time of 1000 seconds on input "pp3testmed_find".  Killing.
Error running dict_runner on input "pp3testmed_find".
stdout output was:
None


Skipping to next file after dumping stderr output.

=============== PROCESSING FILE 7 ===================
Dict runner ran for more than the allowed time of 1000 seconds on input "AscInsertFindLast".  Killing.
Error running dict_runner on input "AscInsertFindLast".
stdout output was:
None


Skipping to next file after dumping stderr output.

=============== PROCESSING FILE 8 ===================
Successfully ran dict runner on "pp3testrand".
===================== Removing dump files to save space =====================
===================== Beginning analysis process. =====================
===================== Analysis complete. =====================
t3h7
===================== Beginning compilation process. =====================
Compiling file dictwars1.cpp.
Compilation was successful!

Compiling file dictwars0.cpp.
Compilation was successful!

Compiling file dictwars2.cpp.
Compilation was successful!

Compiling file dictwars3.cpp.
Compilation was successful!

Compiling file dictwars4.cpp.
Compilation was successful!

===================== Beginning input generation process. =====================
=============== PROCESSING FILE 1 ===================
Successfully ran, parsed, and dumped output from input generator "dictwars2".
=============== PROCESSING FILE 2 ===================
Successfully ran, parsed, and dumped output from input generator "dictwars4".
=============== PROCESSING FILE 3 ===================
Error running input generator "dictwars3".
Skipping to next file after dumping stderr output.

=============== PROCESSING FILE 4 ===================
Successfully ran, parsed, and dumped output from input generator "dictwars1".
=============== PROCESSING FILE 5 ===================
Successfully ran, parsed, and dumped output from input generator "dictwars0".
===================== Beginning dictionary run process. =====================
tick_limit 1000
tick_limit 1000
tick_limit 1000
tick_limit 1000
=============== PROCESSING FILE 1 ===================
Successfully ran dict runner on "dictwars4".
=============== PROCESSING FILE 2 ===================
Successfully ran dict runner on "dictwars2".
=============== PROCESSING FILE 3 ===================
Successfully ran dict runner on "dictwars1".
=============== PROCESSING FILE 4 ===================
Successfully ran dict runner on "dictwars0".
===================== Removing dump files to save space =====================
===================== Beginning analysis process. =====================
===================== Analysis complete. =====================
v2d7
===================== Beginning compilation process. =====================
Compiling file test2_insert_random.cpp.
Compilation was successful!

Compiling file test5_tombstone_test.cpp.
Compilation was successful!

Compiling file test1_insert_sorted.cpp.
Compilation was successful!

Compiling file test3_insert_rnd_find_rnd.cpp.
Compilation was successful!

Compiling file test4_insert_in_order_delete_backwards.cpp.
Compilation was successful!

Compiling file test6.cpp.
Compilation was successful!

===================== Beginning input generation process. =====================
=============== PROCESSING FILE 1 ===================
Successfully ran, parsed, and dumped output from input generator "test6".
=============== PROCESSING FILE 2 ===================
Successfully ran, parsed, and dumped output from input generator "test2_insert_random".
=============== PROCESSING FILE 3 ===================
Successfully ran, parsed, and dumped output from input generator "test1_insert_sorted".
=============== PROCESSING FILE 4 ===================
Successfully ran, parsed, and dumped output from input generator "test4_insert_in_order_delete_backwards".
=============== PROCESSING FILE 5 ===================
Successfully ran, parsed, and dumped output from input generator "test5_tombstone_test".
=============== PROCESSING FILE 6 ===================
Successfully ran, parsed, and dumped output from input generator "test3_insert_rnd_find_rnd".
===================== Beginning dictionary run process. =====================
tick_limit 1000
tick_limit 1000
tick_limit 1000
tick_limit 1000
tick_limit 1000
tick_limit 1000
=============== PROCESSING FILE 1 ===================
Successfully ran dict runner on "test1_insert_sorted".
=============== PROCESSING FILE 2 ===================
Dict runner ran for more than the allowed time of 1000 seconds on input "test4_insert_in_order_delete_backwards".  Killing.
Error running dict_runner on input "test4_insert_in_order_delete_backwards".
stdout output was:
None


Skipping to next file after dumping stderr output.

=============== PROCESSING FILE 3 ===================
Dict runner ran for more than the allowed time of 1000 seconds on input "test5_tombstone_test".  Killing.
Error running dict_runner on input "test5_tombstone_test".
stdout output was:
None


Skipping to next file after dumping stderr output.

=============== PROCESSING FILE 4 ===================
Successfully ran dict runner on "test3_insert_rnd_find_rnd".
=============== PROCESSING FILE 5 ===================
Successfully ran dict runner on "test6".
=============== PROCESSING FILE 6 ===================
Successfully ran dict runner on "test2_insert_random".
===================== Removing dump files to save space =====================
===================== Beginning analysis process. =====================
===================== Analysis complete. =====================
v2e7
===================== Beginning compilation process. =====================
Compiling file input5.cpp.
Compilation was successful!

Compiling file input6.cpp.
Compilation was successful!

Compiling file splay3.cpp.
Compilation was successful!

Compiling file splay.cpp.
Compilation was successful!

Compiling file input2.cpp.
Compilation was successful!

Compiling file splay2.cpp.
Compilation was successful!

Compiling file input4.cpp.
Compilation was successful!

Compiling file input3.cpp.
Compilation was successful!

Compiling file input1.cpp.
Compilation was successful!

Compiling file input7.cpp.
Compilation was successful!

===================== Beginning input generation process. =====================
=============== PROCESSING FILE 1 ===================
Successfully ran, parsed, and dumped output from input generator "splay3".
=============== PROCESSING FILE 2 ===================
Successfully ran, parsed, and dumped output from input generator "splay".
=============== PROCESSING FILE 3 ===================
Successfully ran, parsed, and dumped output from input generator "input7".
=============== PROCESSING FILE 4 ===================
Successfully ran, parsed, and dumped output from input generator "splay2".
=============== PROCESSING FILE 5 ===================
Successfully ran, parsed, and dumped output from input generator "input1".
=============== PROCESSING FILE 6 ===================
Successfully ran, parsed, and dumped output from input generator "input3".
=============== PROCESSING FILE 7 ===================
Successfully ran, parsed, and dumped output from input generator "input4".
=============== PROCESSING FILE 8 ===================
Failed to parse a line of input; non-numeric key.
There was a problem parsing the input generated by your input generator.
Only one problem is reported per input generator run to avoid excessive output.
Further problem printing will be suppressed.
Failure during parse/dump of output from input generator "input6".
=============== PROCESSING FILE 9 ===================
Successfully ran, parsed, and dumped output from input generator "input5".
=============== PROCESSING FILE 10 ===================
Successfully ran, parsed, and dumped output from input generator "input2".
===================== Beginning dictionary run process. =====================
tick_limit 1000
tick_limit 1000
tick_limit 1000
tick_limit 1000
tick_limit 1000
tick_limit 1000
tick_limit 1000
tick_limit 1000
tick_limit 1000
tick_limit 1000
=============== PROCESSING FILE 1 ===================
Dict runner ran for more than the allowed time of 1000 seconds on input "splay".  Killing.
Error running dict_runner on input "splay".
stdout output was:
None


Skipping to next file after dumping stderr output.

=============== PROCESSING FILE 2 ===================
Dict runner ran for more than the allowed time of 1000 seconds on input "input4".  Killing.
Error running dict_runner on input "input4".
stdout output was:
None


Skipping to next file after dumping stderr output.

=============== PROCESSING FILE 3 ===================
Successfully ran dict runner on "splay3".
=============== PROCESSING FILE 4 ===================
Dict runner ran for more than the allowed time of 1000 seconds on input "input5".  Killing.
Error running dict_runner on input "input5".
stdout output was:
None


Skipping to next file after dumping stderr output.

=============== PROCESSING FILE 5 ===================
Dict runner ran for more than the allowed time of 1000 seconds on input "input2".  Killing.
Error running dict_runner on input "input2".
stdout output was:
None


Skipping to next file after dumping stderr output.

=============== PROCESSING FILE 6 ===================
Successfully ran dict runner on "input3".
=============== PROCESSING FILE 7 ===================
Successfully ran dict runner on "input1".
=============== PROCESSING FILE 8 ===================
Successfully ran dict runner on "input7".
=============== PROCESSING FILE 9 ===================
Successfully ran dict runner on "input6".
=============== PROCESSING FILE 10 ===================
Dict runner ran for more than the allowed time of 1000 seconds on input "splay2".  Killing.
Error running dict_runner on input "splay2".
stdout output was:
None


Skipping to next file after dumping stderr output.

===================== Removing dump files to save space =====================
===================== Beginning analysis process. =====================
===================== Analysis complete. =====================
v9n7
===================== Beginning compilation process. =====================
Compiling file run6.cpp.
Compilation was successful!

Compiling file run4.cpp.
Compilation was successful!

Compiling file run2.cpp.
Compilation was successful!

Compiling file run.cpp.
Compilation was successful!

===================== Beginning input generation process. =====================
=============== PROCESSING FILE 1 ===================
Successfully ran, parsed, and dumped output from input generator "run4".
=============== PROCESSING FILE 2 ===================
Failed to parse a line of input; key was not positive.
There was a problem parsing the input generated by your input generator.
Only one problem is reported per input generator run to avoid excessive output.
Further problem printing will be suppressed.
Failure during parse/dump of output from input generator "run2".
=============== PROCESSING FILE 3 ===================
Failed to parse a line of input; key was not positive.
There was a problem parsing the input generated by your input generator.
Only one problem is reported per input generator run to avoid excessive output.
Further problem printing will be suppressed.
Failure during parse/dump of output from input generator "run".
=============== PROCESSING FILE 4 ===================
Failed to parse a line of input; key was not positive.
There was a problem parsing the input generated by your input generator.
Only one problem is reported per input generator run to avoid excessive output.
Further problem printing will be suppressed.
Failure during parse/dump of output from input generator "run6".
===================== Beginning dictionary run process. =====================
tick_limit 1000
tick_limit 1000
tick_limit 1000
tick_limit 1000
=============== PROCESSING FILE 1 ===================
Successfully ran dict runner on "run".
=============== PROCESSING FILE 2 ===================
Dict runner ran for more than the allowed time of 1000 seconds on input "run4".  Killing.
Error running dict_runner on input "run4".
stdout output was:
None


Skipping to next file after dumping stderr output.

=============== PROCESSING FILE 3 ===================
Dict runner ran for more than the allowed time of 1000 seconds on input "run6".  Killing.
Error running dict_runner on input "run6".
stdout output was:
None


Skipping to next file after dumping stderr output.

=============== PROCESSING FILE 4 ===================
Dict runner ran for more than the allowed time of 1000 seconds on input "run2".  Killing.
Error running dict_runner on input "run2".
stdout output was:
None


Skipping to next file after dumping stderr output.

===================== Removing dump files to save space =====================
===================== Beginning analysis process. =====================
===================== Analysis complete. =====================
x4a7
===================== Beginning compilation process. =====================
Compiling file remove_rev.cpp.
Compilation was successful!

Compiling file remove.cpp.
Compilation was successful!

Compiling file dictwar.cpp.
Compilation was successful!

Compiling file insert_rand.cpp.
Compilation was successful!

Compiling file find.cpp.
Compilation was successful!

Compiling file insert_rev.cpp.
Compilation was successful!

Compiling file remove_rand.cpp.
Compilation was successful!

Compiling file find_rand.cpp.
Compilation was successful!

Compiling file insert.cpp.
Compilation was successful!

Compiling file remove_backwards.cpp.
Compilation was successful!

===================== Beginning input generation process. =====================
=============== PROCESSING FILE 1 ===================
Successfully ran, parsed, and dumped output from input generator "remove_rev".
=============== PROCESSING FILE 2 ===================
Successfully ran, parsed, and dumped output from input generator "remove_backwards".
=============== PROCESSING FILE 3 ===================
Successfully ran, parsed, and dumped output from input generator "find".
=============== PROCESSING FILE 4 ===================
Successfully ran, parsed, and dumped output from input generator "insert_rev".
=============== PROCESSING FILE 5 ===================
Successfully ran, parsed, and dumped output from input generator "remove_rand".
=============== PROCESSING FILE 6 ===================
Successfully ran, parsed, and dumped output from input generator "dictwar".
=============== PROCESSING FILE 7 ===================
Successfully ran, parsed, and dumped output from input generator "remove".
=============== PROCESSING FILE 8 ===================
Successfully ran, parsed, and dumped output from input generator "insert".
=============== PROCESSING FILE 9 ===================
Successfully ran, parsed, and dumped output from input generator "insert_rand".
=============== PROCESSING FILE 10 ===================
Successfully ran, parsed, and dumped output from input generator "find_rand".
===================== Beginning dictionary run process. =====================
tick_limit 1000
tick_limit 1000
tick_limit 1000
tick_limit 1000
tick_limit 1000
tick_limit 1000
tick_limit 1000
tick_limit 1000
tick_limit 1000
tick_limit 1000
=============== PROCESSING FILE 1 ===================
Dict runner ran for more than the allowed time of 1000 seconds on input "remove_rand".  Killing.
Error running dict_runner on input "remove_rand".
stdout output was:
None


Skipping to next file after dumping stderr output.

=============== PROCESSING FILE 2 ===================
Successfully ran dict runner on "remove".
=============== PROCESSING FILE 3 ===================
Successfully ran dict runner on "remove_rev".
=============== PROCESSING FILE 4 ===================
Successfully ran dict runner on "find".
=============== PROCESSING FILE 5 ===================
Dict runner ran for more than the allowed time of 1000 seconds on input "remove_backwards".  Killing.
Error running dict_runner on input "remove_backwards".
stdout output was:
None


Skipping to next file after dumping stderr output.

=============== PROCESSING FILE 6 ===================
Successfully ran dict runner on "insert".
=============== PROCESSING FILE 7 ===================
Successfully ran dict runner on "insert_rev".
=============== PROCESSING FILE 8 ===================
Successfully ran dict runner on "insert_rand".
=============== PROCESSING FILE 9 ===================
Dict runner ran for more than the allowed time of 1000 seconds on input "dictwar".  Killing.
Error running dict_runner on input "dictwar".
stdout output was:
None


Skipping to next file after dumping stderr output.

=============== PROCESSING FILE 10 ===================
Dict runner ran for more than the allowed time of 1000 seconds on input "find_rand".  Killing.
Error running dict_runner on input "find_rand".
stdout output was:
None


Skipping to next file after dumping stderr output.

===================== Removing dump files to save space =====================
===================== Beginning analysis process. =====================
===================== Analysis complete. =====================
x4h7
===================== Beginning compilation process. =====================
Compiling file 5insertdelete.cpp.
Compilation was successful!

Compiling file 6hash.cpp.
Compilation was successful!

Compiling file 3insert.cpp.
Compilation was successful!

Compiling file 4driver.cpp.
Compilation was successful!

Compiling file 1insert.cpp.
Compilation was successful!

Compiling file 2find.cpp.
Compilation was successful!

===================== Beginning input generation process. =====================
=============== PROCESSING FILE 1 ===================
Failed to parse a line of input; key was not positive.
There was a problem parsing the input generated by your input generator.
Only one problem is reported per input generator run to avoid excessive output.
Further problem printing will be suppressed.
Failure during parse/dump of output from input generator "5insertdelete".
=============== PROCESSING FILE 2 ===================
Successfully ran, parsed, and dumped output from input generator "2find".
=============== PROCESSING FILE 3 ===================
Successfully ran, parsed, and dumped output from input generator "6hash".
=============== PROCESSING FILE 4 ===================
Successfully ran, parsed, and dumped output from input generator "3insert".
=============== PROCESSING FILE 5 ===================
Successfully ran, parsed, and dumped output from input generator "1insert".
=============== PROCESSING FILE 6 ===================
Successfully ran, parsed, and dumped output from input generator "4driver".
===================== Beginning dictionary run process. =====================
tick_limit 1000
tick_limit 1000
tick_limit 1000
tick_limit 1000
tick_limit 1000
tick_limit 1000
=============== PROCESSING FILE 1 ===================
Dict runner ran for more than the allowed time of 1000 seconds on input "4driver".  Killing.
Error running dict_runner on input "4driver".
stdout output was:
None


Skipping to next file after dumping stderr output.

=============== PROCESSING FILE 2 ===================
Successfully ran dict runner on "1insert".
=============== PROCESSING FILE 3 ===================
Successfully ran dict runner on "5insertdelete".
=============== PROCESSING FILE 4 ===================
Successfully ran dict runner on "2find".
=============== PROCESSING FILE 5 ===================
Successfully ran dict runner on "3insert".
=============== PROCESSING FILE 6 ===================
Dict runner ran for more than the allowed time of 1000 seconds on input "6hash".  Killing.
Error running dict_runner on input "6hash".
stdout output was:
None


Skipping to next file after dumping stderr output.

===================== Removing dump files to save space =====================
===================== Beginning analysis process. =====================
===================== Analysis complete. =====================
y0c7
===================== Beginning compilation process. =====================
Compiling file inputalt.cpp.
Compilation was successful!

Compiling file inputrand.cpp.
Compilation was successful!

Compiling file input.cpp.
Compilation was successful!

Compiling file inputrev.cpp.
Compilation was successful!

Compiling file inputfindrev.cpp.
Compilation was successful!

Compiling file inputtripr.cpp.
Compilation was successful!

Compiling file inputrmvint.cpp.
Compilation was successful!

Compiling file inputtrip.cpp.
Compilation was successful!

Compiling file inputfind.cpp.
Compilation was successful!

===================== Beginning input generation process. =====================
=============== PROCESSING FILE 1 ===================
Successfully ran, parsed, and dumped output from input generator "input".
=============== PROCESSING FILE 2 ===================
Successfully ran, parsed, and dumped output from input generator "inputrand".
=============== PROCESSING FILE 3 ===================
Successfully ran, parsed, and dumped output from input generator "inputtrip".
=============== PROCESSING FILE 4 ===================
Successfully ran, parsed, and dumped output from input generator "inputrmvint".
=============== PROCESSING FILE 5 ===================
Successfully ran, parsed, and dumped output from input generator "inputtripr".
=============== PROCESSING FILE 6 ===================
Successfully ran, parsed, and dumped output from input generator "inputrev".
=============== PROCESSING FILE 7 ===================
Successfully ran, parsed, and dumped output from input generator "inputfindrev".
=============== PROCESSING FILE 8 ===================
Successfully ran, parsed, and dumped output from input generator "inputfind".
=============== PROCESSING FILE 9 ===================
Successfully ran, parsed, and dumped output from input generator "inputalt".
===================== Beginning dictionary run process. =====================
tick_limit 1000
tick_limit 1000
tick_limit 1000
tick_limit 1000
tick_limit 1000
tick_limit 1000
tick_limit 1000
tick_limit 1000
tick_limit 1000
=============== PROCESSING FILE 1 ===================
Successfully ran dict runner on "inputrev".
=============== PROCESSING FILE 2 ===================
Successfully ran dict runner on "inputrand".
=============== PROCESSING FILE 3 ===================
Successfully ran dict runner on "inputrmvint".
=============== PROCESSING FILE 4 ===================
Successfully ran dict runner on "inputfindrev".
=============== PROCESSING FILE 5 ===================
Successfully ran dict runner on "inputtrip".
=============== PROCESSING FILE 6 ===================
Successfully ran dict runner on "inputalt".
=============== PROCESSING FILE 7 ===================
Successfully ran dict runner on "inputtripr".
=============== PROCESSING FILE 8 ===================
Successfully ran dict runner on "input".
=============== PROCESSING FILE 9 ===================
Dict runner ran for more than the allowed time of 1000 seconds on input "inputfind".  Killing.
Error running dict_runner on input "inputfind".
stdout output was:
None


Skipping to next file after dumping stderr output.

===================== Removing dump files to save space =====================
===================== Beginning analysis process. =====================
===================== Analysis complete. =====================
